2024-03-12T09:49:56 ::1 /
2024-03-12T09:50:33 ::1 / 
2024-03-12T09:53:25 ::1 /about 
2024-03-12T09:53:30 ::1 /login 
2024-03-12T09:57:56 ::1 /login 
2024-03-12T09:57:59 ::1 /about 
2024-03-12T09:58:02 ::1 / 
2024-03-12T10:00:31 ::1 / 
2024-03-12T10:00:31 ::1 / 
2024-03-12T10:00:34 ::1 / 
2024-03-12T10:00:34 ::1 / 
2024-03-12T10:01:00 ::1 / 
2024-03-12T10:01:02 ::1 / 
2024-03-12T10:01:05 ::1 /about 
2024-03-12T10:01:08 ::1 /login 
2024-03-12T10:12:39 ::1 /login 

2024-03-12T10:19:53 ::1 /1514958149 
2024-03-12T10:25:09 ::1 /admin 
2024-03-12T10:26:02 ::1 /admin 
2024-03-12T10:26:05 ::1 /admin 
2024-03-12T10:26:10 ::1 /admin 
2024-03-12T10:26:12 ::1 /admin 
2024-03-12T10:26:13 ::1 /admin 
2024-03-12T10:27:18 ::1 /admin 
2024-03-12T10:27:24 ::1 /admin 
2024-03-12T10:31:19 ::1 /admin 
2024-03-12T10:31:22 ::1 /admin 
2024-03-12T10:31:31 ::1 /admin 
2024-03-12T10:31:36 ::1 /setting 
2024-03-12T10:31:42 ::1 /setting 
